<?xml version="1.0" encoding="UTF-8"?>
<!-- Generated by org.testng.reporters.JUnitXMLReporter -->
<testsuite ignored="2" hostname="DESKTOP-OET6KL6" failures="0" tests="4" name="VendoTest" time="82.906" errors="0" timestamp="2023-05-20T13:58:19 IST">
  <testcase classname="Tests.LoginTest" name="TC001_Login" time="74.533"/>
  <testcase classname="Tests.LookupTest" name="TC_002NavigatetoLookup" time="1.129"/>
  <testcase classname="Tests.LookupTest" name="TC_003VerifystateisAdded" time="1.911"/>
  <testcase classname="Tests.LookupTest" name="TC_004VerifyActionsinState" time="4.449"/>
  <testcase classname="Base.Setup" name="@AfterSuite Tearbrowser" time="0.0">
    <ignored/>
  </testcase> <!-- @AfterSuite Tearbrowser -->
  <testcase classname="Base.Setup" name="@BeforeSuite Startbrowser" time="0.0">
    <ignored/>
  </testcase> <!-- @BeforeSuite Startbrowser -->
</testsuite> <!-- VendoTest -->
