<?xml version="1.0" encoding="UTF-8"?>
<!-- Generated by org.testng.reporters.JUnitXMLReporter -->
<testsuite ignored="2" hostname="DESKTOP-OET6KL6" failures="0" tests="4" name="VendoTest" time="17.073" errors="0" timestamp="2023-05-17T17:13:55 IST">
  <testcase classname="Tests.LoginTest" name="TC001_Login" time="5.199"/>
  <testcase classname="Tests.LookupTest" name="TC_002NavigatetoLookup" time="1.263"/>
  <testcase classname="Tests.LookupTest" name="TC_003VerifystateisAdded" time="2.48"/>
  <testcase classname="Tests.LookupTest" name="TC_004VerifyActionsinState" time="6.012"/>
  <testcase classname="Base.Commonclass" name="@AfterSuite Tearbrowser" time="0.0">
    <ignored/>
  </testcase> <!-- @AfterSuite Tearbrowser -->
  <testcase classname="Base.Commonclass" name="@BeforeSuite Startbrowser" time="0.0">
    <ignored/>
  </testcase> <!-- @BeforeSuite Startbrowser -->
</testsuite> <!-- VendoTest -->
