<?xml version="1.0" encoding="UTF-8"?>
<testng-results ignored="0" total="1" passed="1" failed="0" skipped="0">
  <reporter-output>
  </reporter-output>
  <suite started-at="2023-05-22T18:28:50 IST" name="Functional Tests" finished-at="2023-05-22T18:28:58 IST" duration-ms="8160">
    <groups>
    </groups>
    <test started-at="2023-05-22T18:28:50 IST" name="VendoTest" finished-at="2023-05-22T18:28:58 IST" duration-ms="8160">
      <class name="Tests.LoginTest">
        <test-method is-config="true" signature="Startbrowser()[pri:0, instance:Tests.LoginTest@67d48005]" started-at="2023-05-22T18:28:03 IST" name="Startbrowser" finished-at="2023-05-22T18:28:50 IST" duration-ms="46889" status="PASS">
          <reporter-output>
          </reporter-output>
        </test-method> <!-- Startbrowser -->
        <test-method signature="TC001_Login(java.lang.String,java.lang.String)[pri:0, instance:Tests.LoginTest@67d48005]" started-at="2023-05-22T18:28:52 IST" name="TC001_Login" data-provider="LoginData" finished-at="2023-05-22T18:28:58 IST" duration-ms="6867" status="PASS">
          <params>
            <param index="0">
              <value>
                <![CDATA[Vendoadmin]]>
              </value>
            </param>
            <param index="1">
              <value>
                <![CDATA[Vendo@2022]]>
              </value>
            </param>
          </params>
          <reporter-output>
          </reporter-output>
        </test-method> <!-- TC001_Login -->
      </class> <!-- Tests.LoginTest -->
    </test> <!-- VendoTest -->
  </suite> <!-- Functional Tests -->
</testng-results>
