<?xml version="1.0" encoding="UTF-8"?>
<testng-results ignored="2" total="6" passed="4" failed="0" skipped="0">
  <reporter-output>
  </reporter-output>
  <suite started-at="2023-05-20T13:56:56 IST" name="Functional Tests" finished-at="2023-05-20T13:58:19 IST" duration-ms="82906">
    <groups>
    </groups>
    <test started-at="2023-05-20T13:56:56 IST" name="VendoTest" finished-at="2023-05-20T13:58:19 IST" duration-ms="82906">
      <class name="Tests.LookupTest">
        <test-method signature="TC_002NavigatetoLookup()[pri:0, instance:Tests.LookupTest@25641d39]" started-at="2023-05-20T13:58:12 IST" name="TC_002NavigatetoLookup" finished-at="2023-05-20T13:58:13 IST" depends-on-methods="Tests.LoginTest.TC001_Login" duration-ms="1129" status="PASS">
          <reporter-output>
          </reporter-output>
        </test-method> <!-- TC_002NavigatetoLookup -->
        <test-method is-config="true" signature="captureScreen(org.testng.ITestResult)[pri:0, instance:Tests.LookupTest@25641d39]" started-at="2023-05-20T13:58:13 IST" name="captureScreen" finished-at="2023-05-20T13:58:13 IST" duration-ms="0" status="PASS">
          <params>
            <param index="0">
              <value>
                <![CDATA[[TestResult name=TC_002NavigatetoLookup status=SUCCESS method=LookupTest.TC_002NavigatetoLookup()[pri:0, instance:Tests.LookupTest@25641d39] output={null}]]]>
              </value>
            </param>
          </params>
          <reporter-output>
          </reporter-output>
        </test-method> <!-- captureScreen -->
        <test-method signature="TC_003VerifystateisAdded()[pri:0, instance:Tests.LookupTest@25641d39]" started-at="2023-05-20T13:58:13 IST" name="TC_003VerifystateisAdded" finished-at="2023-05-20T13:58:15 IST" depends-on-methods="Tests.LookupTest.TC_002NavigatetoLookup" duration-ms="1911" status="PASS">
          <reporter-output>
          </reporter-output>
        </test-method> <!-- TC_003VerifystateisAdded -->
        <test-method is-config="true" signature="captureScreen(org.testng.ITestResult)[pri:0, instance:Tests.LookupTest@25641d39]" started-at="2023-05-20T13:58:15 IST" name="captureScreen" finished-at="2023-05-20T13:58:15 IST" duration-ms="2" status="PASS">
          <params>
            <param index="0">
              <value>
                <![CDATA[[TestResult name=TC_003VerifystateisAdded status=SUCCESS method=LookupTest.TC_003VerifystateisAdded()[pri:0, instance:Tests.LookupTest@25641d39] output={null}]]]>
              </value>
            </param>
          </params>
          <reporter-output>
          </reporter-output>
        </test-method> <!-- captureScreen -->
        <test-method signature="TC_004VerifyActionsinState()[pri:0, instance:Tests.LookupTest@25641d39]" started-at="2023-05-20T13:58:15 IST" name="TC_004VerifyActionsinState" finished-at="2023-05-20T13:58:19 IST" depends-on-methods="Tests.LookupTest.TC_003VerifystateisAdded" duration-ms="4449" status="PASS">
          <reporter-output>
          </reporter-output>
        </test-method> <!-- TC_004VerifyActionsinState -->
        <test-method is-config="true" signature="captureScreen(org.testng.ITestResult)[pri:0, instance:Tests.LookupTest@25641d39]" started-at="2023-05-20T13:58:19 IST" name="captureScreen" finished-at="2023-05-20T13:58:19 IST" duration-ms="0" status="PASS">
          <params>
            <param index="0">
              <value>
                <![CDATA[[TestResult name=TC_004VerifyActionsinState status=SUCCESS method=LookupTest.TC_004VerifyActionsinState()[pri:0, instance:Tests.LookupTest@25641d39] output={null}]]]>
              </value>
            </param>
          </params>
          <reporter-output>
          </reporter-output>
        </test-method> <!-- captureScreen -->
      </class> <!-- Tests.LookupTest -->
      <class name="Tests.LoginTest">
        <test-method is-config="true" signature="Startbrowser()[pri:0, instance:Tests.LoginTest@2e3967ea]" started-at="2023-05-20T13:56:53 IST" name="Startbrowser" finished-at="2023-05-20T13:56:56 IST" duration-ms="3433" status="PASS">
          <reporter-output>
          </reporter-output>
        </test-method> <!-- Startbrowser -->
        <test-method signature="TC001_Login(java.lang.String,java.lang.String)[pri:0, instance:Tests.LoginTest@2e3967ea]" started-at="2023-05-20T13:56:57 IST" name="TC001_Login" data-provider="LoginData" finished-at="2023-05-20T13:58:12 IST" duration-ms="74533" status="PASS">
          <params>
            <param index="0">
              <value>
                <![CDATA[Vendoadmin]]>
              </value>
            </param>
            <param index="1">
              <value>
                <![CDATA[Vendo@2022]]>
              </value>
            </param>
          </params>
          <reporter-output>
          </reporter-output>
        </test-method> <!-- TC001_Login -->
        <test-method is-config="true" signature="captureScreen(org.testng.ITestResult)[pri:0, instance:Tests.LoginTest@2e3967ea]" started-at="2023-05-20T13:58:12 IST" name="captureScreen" finished-at="2023-05-20T13:58:12 IST" duration-ms="0" status="PASS">
          <params>
            <param index="0">
              <value>
                <![CDATA[[TestResult name=TC001_Login status=SUCCESS method=LoginTest.TC001_Login(java.lang.String,java.lang.String)[pri:0, instance:Tests.LoginTest@2e3967ea] output={null}]]]>
              </value>
            </param>
          </params>
          <reporter-output>
          </reporter-output>
        </test-method> <!-- captureScreen -->
      </class> <!-- Tests.LoginTest -->
    </test> <!-- VendoTest -->
  </suite> <!-- Functional Tests -->
</testng-results>
